<?xml version="1.0" encoding="UTF-8"?>
<testng-results ignored="0" total="9" passed="9" failed="0" skipped="0">
  <reporter-output>
  </reporter-output>
  <suite started-at="2022-12-26T20:27:23 GMT-05:00" name="Suite" finished-at="2022-12-26T20:27:30 GMT-05:00" duration-ms="7456">
    <groups>
    </groups>
    <test started-at="2022-12-26T20:27:23 GMT-05:00" name="Test" finished-at="2022-12-26T20:27:30 GMT-05:00" duration-ms="7456">
      <class name="org.testing.testCases.TC6_InsertEmployee">
        <test-method signature="testcase6()[pri:0, instance:org.testing.testCases.TC6_InsertEmployee@6e4784bc]" started-at="2022-12-26T20:27:29 GMT-05:00" name="testcase6" finished-at="2022-12-26T20:27:30 GMT-05:00" duration-ms="1121" status="PASS">
          <reporter-output>
          </reporter-output>
        </test-method> <!-- testcase6 -->
      </class> <!-- org.testing.testCases.TC6_InsertEmployee -->
      <class name="org.testing.testCases.TC2_GetAllRequest">
        <test-method signature="testcase2()[pri:0, instance:org.testing.testCases.TC2_GetAllRequest@17046283]" started-at="2022-12-26T20:27:28 GMT-05:00" name="testcase2" finished-at="2022-12-26T20:27:29 GMT-05:00" duration-ms="145" status="PASS">
          <reporter-output>
          </reporter-output>
        </test-method> <!-- testcase2 -->
      </class> <!-- org.testing.testCases.TC2_GetAllRequest -->
      <class name="org.testing.testCases.TC4_UpdateRequest">
        <test-method signature="testcase4()[pri:0, instance:org.testing.testCases.TC4_UpdateRequest@29626d54]" started-at="2022-12-26T20:27:29 GMT-05:00" name="testcase4" finished-at="2022-12-26T20:27:29 GMT-05:00" duration-ms="115" status="PASS">
          <reporter-output>
          </reporter-output>
        </test-method> <!-- testcase4 -->
      </class> <!-- org.testing.testCases.TC4_UpdateRequest -->
      <class name="org.testing.testCases.TC7_GetAllEmployees">
        <test-method signature="testcase7()[pri:0, instance:org.testing.testCases.TC7_GetAllEmployees@34b7ac2f]" started-at="2022-12-26T20:27:30 GMT-05:00" name="testcase7" finished-at="2022-12-26T20:27:30 GMT-05:00" duration-ms="200" status="PASS">
          <reporter-output>
          </reporter-output>
        </test-method> <!-- testcase7 -->
      </class> <!-- org.testing.testCases.TC7_GetAllEmployees -->
      <class name="org.testing.testCases.TC5_Delete_Request">
        <test-method signature="testcase5()[pri:0, instance:org.testing.testCases.TC5_Delete_Request@5a63f509]" started-at="2022-12-26T20:27:29 GMT-05:00" name="testcase5" finished-at="2022-12-26T20:27:29 GMT-05:00" duration-ms="72" status="PASS">
          <reporter-output>
          </reporter-output>
        </test-method> <!-- testcase5 -->
      </class> <!-- org.testing.testCases.TC5_Delete_Request -->
      <class name="org.testing.testCases.TC3_GetParticularRecord">
        <test-method signature="testcase3()[pri:0, instance:org.testing.testCases.TC3_GetParticularRecord@5bd03f44]" started-at="2022-12-26T20:27:29 GMT-05:00" name="testcase3" finished-at="2022-12-26T20:27:29 GMT-05:00" duration-ms="83" status="PASS">
          <reporter-output>
          </reporter-output>
        </test-method> <!-- testcase3 -->
      </class> <!-- org.testing.testCases.TC3_GetParticularRecord -->
      <class name="org.testing.testCases.TC8_GetParticularEmployee">
        <test-method signature="testcase8()[pri:0, instance:org.testing.testCases.TC8_GetParticularEmployee@19bb07ed]" started-at="2022-12-26T20:27:30 GMT-05:00" name="testcase8" finished-at="2022-12-26T20:27:30 GMT-05:00" duration-ms="314" status="PASS">
          <reporter-output>
          </reporter-output>
        </test-method> <!-- testcase8 -->
      </class> <!-- org.testing.testCases.TC8_GetParticularEmployee -->
      <class name="org.testing.testCases.TC1_PostRequest">
        <test-method signature="testcase1()[pri:0, instance:org.testing.testCases.TC1_PostRequest@5ae50ce6]" started-at="2022-12-26T20:27:23 GMT-05:00" name="testcase1" finished-at="2022-12-26T20:27:28 GMT-05:00" duration-ms="5249" status="PASS">
          <reporter-output>
          </reporter-output>
        </test-method> <!-- testcase1 -->
      </class> <!-- org.testing.testCases.TC1_PostRequest -->
      <class name="org.testing.testCases.TC9_UpdateRecord">
        <test-method signature="testcase8()[pri:0, instance:org.testing.testCases.TC9_UpdateRecord@10e41621]" started-at="2022-12-26T20:27:30 GMT-05:00" name="testcase8" finished-at="2022-12-26T20:27:30 GMT-05:00" duration-ms="2" status="PASS">
          <reporter-output>
          </reporter-output>
        </test-method> <!-- testcase8 -->
      </class> <!-- org.testing.testCases.TC9_UpdateRecord -->
    </test> <!-- Test -->
  </suite> <!-- Suite -->
</testng-results>
