<?xml version="1.0" encoding="UTF-8"?>
<!-- Generated by org.testng.reporters.JUnitXMLReporter -->
<testsuite ignored="0" hostname="DESKTOP-LFU0VLB" failures="0" tests="9" name="Test" time="7.456" errors="0" timestamp="2022-12-26T20:27:31 GMT-05:00">
  <testcase classname="org.testing.testCases.TC1_PostRequest" name="testcase1" time="5.249"/>
  <testcase classname="org.testing.testCases.TC2_GetAllRequest" name="testcase2" time="0.145"/>
  <testcase classname="org.testing.testCases.TC3_GetParticularRecord" name="testcase3" time="0.083"/>
  <testcase classname="org.testing.testCases.TC4_UpdateRequest" name="testcase4" time="0.115"/>
  <testcase classname="org.testing.testCases.TC5_Delete_Request" name="testcase5" time="0.072"/>
  <testcase classname="org.testing.testCases.TC6_InsertEmployee" name="testcase6" time="1.121"/>
  <testcase classname="org.testing.testCases.TC7_GetAllEmployees" name="testcase7" time="0.2"/>
  <testcase classname="org.testing.testCases.TC8_GetParticularEmployee" name="testcase8" time="0.314"/>
  <testcase classname="org.testing.testCases.TC9_UpdateRecord" name="testcase8" time="0.002"/>
</testsuite> <!-- Test -->
